{"/home/ka/Repos/github.com/trongnghiango/next-app-jest/app/counter.tsx": {"path":"/home/ka/Repos/github.com/trongnghiango/next-app-jest/app/counter.tsx","statementMap":{"0":{"start":{"line":5,"column":24},"end":{"line":5,"column":null}},"1":{"start":{"line":3,"column":25},"end":{"line":3,"column":null}},"2":{"start":{"line":6,"column":28},"end":{"line":6,"column":null}},"3":{"start":{"line":10,"column":43},"end":{"line":10,"column":64}}},"fnMap":{"0":{"name":"Counter","decl":{"start":{"line":5,"column":24},"end":{"line":5,"column":null}},"loc":{"start":{"line":5,"column":24},"end":{"line":15,"column":null}}},"1":{"name":"(anonymous_2)","decl":{"start":{"line":10,"column":37},"end":{"line":10,"column":43}},"loc":{"start":{"line":10,"column":43},"end":{"line":10,"column":64}}}},"branchMap":{},"s":{"0":1,"1":1,"2":2,"3":1},"f":{"0":2,"1":1},"b":{}}
,"/home/ka/Repos/github.com/trongnghiango/next-app-jest/app/page.tsx": {"path":"/home/ka/Repos/github.com/trongnghiango/next-app-jest/app/page.tsx","statementMap":{"0":{"start":{"line":5,"column":24},"end":{"line":5,"column":null}},"1":{"start":{"line":1,"column":13},"end":{"line":1,"column":21}},"2":{"start":{"line":1,"column":24},"end":{"line":3,"column":null}}},"fnMap":{"0":{"name":"Page","decl":{"start":{"line":5,"column":24},"end":{"line":5,"column":null}},"loc":{"start":{"line":5,"column":24},"end":{"line":7,"column":1}}}},"branchMap":{},"s":{"0":1,"1":0,"2":1},"f":{"0":1},"b":{}}
,"/home/ka/Repos/github.com/trongnghiango/next-app-jest/app/blog/[slug]/page.tsx": {"path":"/home/ka/Repos/github.com/trongnghiango/next-app-jest/app/blog/[slug]/page.tsx","statementMap":{"0":{"start":{"line":11,"column":24},"end":{"line":11,"column":29}},"1":{"start":{"line":7,"column":22},"end":{"line":7,"column":38}},"2":{"start":{"line":8,"column":2},"end":{"line":8,"column":null}}},"fnMap":{"0":{"name":"generateMetadata","decl":{"start":{"line":7,"column":22},"end":{"line":7,"column":38}},"loc":{"start":{"line":7,"column":57},"end":{"line":9,"column":null}}},"1":{"name":"Page","decl":{"start":{"line":11,"column":24},"end":{"line":11,"column":29}},"loc":{"start":{"line":11,"column":47},"end":{"line":13,"column":1}}}},"branchMap":{},"s":{"0":1,"1":0,"2":0},"f":{"0":0,"1":1},"b":{}}
,"/home/ka/Repos/github.com/trongnghiango/next-app-jest/app/utils/add.ts": {"path":"/home/ka/Repos/github.com/trongnghiango/next-app-jest/app/utils/add.ts","statementMap":{"0":{"start":{"line":3,"column":16},"end":{"line":3,"column":20}},"1":{"start":{"line":1,"column":7},"end":{"line":1,"column":null}},"2":{"start":{"line":4,"column":2},"end":{"line":4,"column":null}}},"fnMap":{"0":{"name":"add","decl":{"start":{"line":3,"column":16},"end":{"line":3,"column":20}},"loc":{"start":{"line":3,"column":40},"end":{"line":5,"column":null}}}},"branchMap":{},"s":{"0":1,"1":1,"2":1},"f":{"0":1},"b":{}}
,"/home/ka/Repos/github.com/trongnghiango/next-app-jest/pages/home/index.tsx": {"path":"/home/ka/Repos/github.com/trongnghiango/next-app-jest/pages/home/index.tsx","statementMap":{"0":{"start":{"line":5,"column":24},"end":{"line":5,"column":null}},"1":{"start":{"line":1,"column":17},"end":{"line":1,"column":null}},"2":{"start":{"line":2,"column":18},"end":{"line":2,"column":null}},"3":{"start":{"line":3,"column":19},"end":{"line":3,"column":null}}},"fnMap":{"0":{"name":"Home","decl":{"start":{"line":5,"column":24},"end":{"line":5,"column":null}},"loc":{"start":{"line":5,"column":24},"end":{"line":64,"column":null}}}},"branchMap":{},"s":{"0":2,"1":2,"2":2,"3":2},"f":{"0":2},"b":{}}
}
