TN:
SF:app/counter.tsx
FN:5,Counter
FN:10,(anonymous_2)
FNF:2
FNH:2
FNDA:2,Counter
FNDA:1,(anonymous_2)
DA:3,1
DA:5,1
DA:6,2
DA:10,1
LF:4
LH:4
BRF:0
BRH:0
end_of_record
TN:
SF:app/page.tsx
FN:5,Page
FNF:1
FNH:1
FNDA:1,Page
DA:1,1
DA:5,1
LF:2
LH:2
BRF:0
BRH:0
end_of_record
TN:
SF:app/blog/[slug]/page.tsx
FN:7,generateMetadata
FN:11,Page
FNF:2
FNH:1
FNDA:0,generateMetadata
FNDA:1,Page
DA:7,0
DA:8,0
DA:11,1
LF:3
LH:1
BRF:0
BRH:0
end_of_record
TN:
SF:app/utils/add.ts
FN:3,add
FNF:1
FNH:1
FNDA:1,add
DA:1,1
DA:3,1
DA:4,1
LF:3
LH:3
BRF:0
BRH:0
end_of_record
TN:
SF:pages/home/index.tsx
FN:5,Home
FNF:1
FNH:1
FNDA:2,Home
DA:1,2
DA:2,2
DA:3,2
DA:5,2
LF:4
LH:4
BRF:0
BRH:0
end_of_record
